<?xml version="1.0" encoding="UTF-8"?>
<Site BuildName="(empty)"
	BuildStamp="20230918-0916-Experimental"
	Name="123"
	Generator="ctest-3.5.1"
	CompilerName="/usr/bin/g++"
	CompilerVersion="5.4.0"
	OSName="Linux"
	Hostname="123"
	OSRelease="4.15.0-142-generic"
	OSVersion="#146~16.04.1-Ubuntu SMP Tue Apr 13 09:27:15 UTC 2021"
	OSPlatform="x86_64"
	Is64Bits="1"
	VendorString="GenuineIntel"
	VendorID="Intel Corporation"
	FamilyID="6"
	ModelID="158"
	ProcessorCacheSize="12288"
	NumberOfLogicalCPU="8"
	NumberOfPhysicalCPU="1"
	TotalVirtualMemory="976"
	TotalPhysicalMemory="31997"
	LogicalProcessorsPerPhysical="8"
	ProcessorClockFrequency="4297.43"
	>
	<Testing>
		<StartDateTime>Sep 18 17:16 CST</StartDateTime>
		<StartTestTime>1695028563</StartTestTime>
		<TestList/>
		<EndDateTime>Sep 18 17:16 CST</EndDateTime>
		<EndTestTime>1695028563</EndTestTime>
		<ElapsedMinutes>0</ElapsedMinutes>
	</Testing>
</Site>
